0 info it worked if it ends with ok
1 verbose cli [ '/usr/local/Cellar/node/7.2.1/bin/node',
1 verbose cli   '/usr/local/bin/npm',
1 verbose cli   'run',
1 verbose cli   'test' ]
2 info using npm@3.10.9
3 info using node@v7.2.1
4 verbose run-script [ 'pretest', 'test', 'posttest' ]
5 info lifecycle colisee-tournament@1.0.0~pretest: colisee-tournament@1.0.0
6 verbose lifecycle colisee-tournament@1.0.0~pretest: unsafe-perm in lifecycle true
7 verbose lifecycle colisee-tournament@1.0.0~pretest: PATH: /usr/local/lib/node_modules/npm/bin/node-gyp-bin:/Users/user404d/Programming/MST/SIG-Game/colisee-tournament/node_modules/.bin:/usr/local/Cellar/node/7.2.1/bin:/Users/user404d/.opam/system/bin:/usr/local/bin:/usr/bin:/bin:/usr/sbin:/sbin:/opt/X11/bin:/usr/local/share/dotnet:/Library/TeX/texbin:/Applications/Wireshark.app/Contents/MacOS:/usr/local/sbin:/usr/local/share/pypy3:/usr/local/share/pypy:/usr/local/bin:/Users/user404d/Library/Android/sdk/platform-tools:/usr/local/opt/go/libexec/bin:/Users/user404d/go/bin
8 verbose lifecycle colisee-tournament@1.0.0~pretest: CWD: /Users/user404d/Programming/MST/SIG-Game/colisee-tournament
9 silly lifecycle colisee-tournament@1.0.0~pretest: Args: [ '-c', 'npm run build' ]
10 silly lifecycle colisee-tournament@1.0.0~pretest: Returned: code: 0  signal: null
11 info lifecycle colisee-tournament@1.0.0~test: colisee-tournament@1.0.0
12 verbose lifecycle colisee-tournament@1.0.0~test: unsafe-perm in lifecycle true
13 verbose lifecycle colisee-tournament@1.0.0~test: PATH: /usr/local/lib/node_modules/npm/bin/node-gyp-bin:/Users/user404d/Programming/MST/SIG-Game/colisee-tournament/node_modules/.bin:/usr/local/Cellar/node/7.2.1/bin:/Users/user404d/.opam/system/bin:/usr/local/bin:/usr/bin:/bin:/usr/sbin:/sbin:/opt/X11/bin:/usr/local/share/dotnet:/Library/TeX/texbin:/Applications/Wireshark.app/Contents/MacOS:/usr/local/sbin:/usr/local/share/pypy3:/usr/local/share/pypy:/usr/local/bin:/Users/user404d/Library/Android/sdk/platform-tools:/usr/local/opt/go/libexec/bin:/Users/user404d/go/bin
14 verbose lifecycle colisee-tournament@1.0.0~test: CWD: /Users/user404d/Programming/MST/SIG-Game/colisee-tournament
15 silly lifecycle colisee-tournament@1.0.0~test: Args: [ '-c',
15 silly lifecycle   'mocha test/ && mocha test/unit && mocha test/integration' ]
16 silly lifecycle colisee-tournament@1.0.0~test: Returned: code: 2  signal: null
17 info lifecycle colisee-tournament@1.0.0~test: Failed to exec test script
18 verbose stack Error: colisee-tournament@1.0.0 test: `mocha test/ && mocha test/unit && mocha test/integration`
18 verbose stack Exit status 2
18 verbose stack     at EventEmitter.<anonymous> (/usr/local/lib/node_modules/npm/lib/utils/lifecycle.js:255:16)
18 verbose stack     at emitTwo (events.js:106:13)
18 verbose stack     at EventEmitter.emit (events.js:191:7)
18 verbose stack     at ChildProcess.<anonymous> (/usr/local/lib/node_modules/npm/lib/utils/spawn.js:40:14)
18 verbose stack     at emitTwo (events.js:106:13)
18 verbose stack     at ChildProcess.emit (events.js:191:7)
18 verbose stack     at maybeClose (internal/child_process.js:885:16)
18 verbose stack     at Process.ChildProcess._handle.onexit (internal/child_process.js:226:5)
19 verbose pkgid colisee-tournament@1.0.0
20 verbose cwd /Users/user404d/Programming/MST/SIG-Game/colisee-tournament
21 error Darwin 15.6.0
22 error argv "/usr/local/Cellar/node/7.2.1/bin/node" "/usr/local/bin/npm" "run" "test"
23 error node v7.2.1
24 error npm  v3.10.9
25 error code ELIFECYCLE
26 error colisee-tournament@1.0.0 test: `mocha test/ && mocha test/unit && mocha test/integration`
26 error Exit status 2
27 error Failed at the colisee-tournament@1.0.0 test script 'mocha test/ && mocha test/unit && mocha test/integration'.
27 error Make sure you have the latest version of node.js and npm installed.
27 error If you do, this is most likely a problem with the colisee-tournament package,
27 error not with npm itself.
27 error Tell the author that this fails on your system:
27 error     mocha test/ && mocha test/unit && mocha test/integration
27 error You can get information on how to open an issue for this project with:
27 error     npm bugs colisee-tournament
27 error Or if that isn't available, you can get their info via:
27 error     npm owner ls colisee-tournament
27 error There is likely additional logging output above.
28 verbose exit [ 1, true ]
